<?xml version="1.0" encoding="UTF-8"?>
<!-- Generated by org.testng.reporters.JUnitReportReporter -->
<testsuite hostname="LAPTOP-IARKJJ3P" failures="0" tests="1" name="testNGTest.VerifyAllTopButton" time="14.902" errors="0" timestamp="2020-05-08T18:15:09 EDT" skipped="0">
  <testcase classname="testNGTest.VerifyAllTopButton" name="verifyDropDownButton" time="14.902"/>
  <system-out/>
</testsuite> <!-- testNGTest.VerifyAllTopButton -->
