<?xml version="1.0" encoding="UTF-8"?>
<!-- Generated by org.testng.reporters.JUnitReportReporter -->
<testsuite hostname="LAPTOP-IARKJJ3P" failures="0" tests="1" name="mainFunction.MainDriver" time="3.906" errors="0" timestamp="2020-04-27T21:42:45 EDT" skipped="0">
  <testcase classname="mainFunction.MainDriver" name="test" time="3.906"/>
  <system-out/>
</testsuite> <!-- mainFunction.MainDriver -->
