<?xml version="1.0" encoding="UTF-8"?>
<!-- Generated by org.testng.reporters.JUnitReportReporter -->
<testsuite hostname="LAPTOP-IARKJJ3P" failures="0" tests="1" name="testNGTest.VerifyWindows" time="11.831" errors="0" timestamp="2020-05-05T22:02:30 EDT" skipped="0">
  <testcase classname="testNGTest.VerifyWindows" name="testWindows" time="11.831"/>
  <system-out/>
</testsuite> <!-- testNGTest.VerifyWindows -->
