<?xml version="1.0" encoding="UTF-8"?>
<!-- Generated by org.testng.reporters.JUnitReportReporter -->
<testsuite hostname="LAPTOP-IARKJJ3P" failures="0" tests="1" name="toolsQA.DragAndDrop" time="13.659" errors="0" timestamp="2020-05-11T23:55:43 EDT" skipped="0">
  <testcase classname="toolsQA.DragAndDrop" name="dragaround" time="13.659"/>
  <system-out/>
</testsuite> <!-- toolsQA.DragAndDrop -->
