<?xml version="1.0" encoding="UTF-8"?>
<!-- Generated by org.testng.reporters.JUnitReportReporter -->
<testsuite hostname="LAPTOP-IARKJJ3P" failures="0" tests="1" name="goibibo.GoibiboTest" time="10.712" errors="0" timestamp="2020-05-11T22:56:25 EDT" skipped="0">
  <testcase classname="goibibo.GoibiboTest" name="partialTextSelect" time="10.712"/>
  <system-out/>
</testsuite> <!-- goibibo.GoibiboTest -->
