<?xml version="1.0" encoding="UTF-8"?>
<!-- Generated by org.testng.reporters.JUnitReportReporter -->
<testsuite hostname="LAPTOP-IARKJJ3P" failures="0" tests="1" name="testNGTest.TestIFrames" time="13.664" errors="0" timestamp="2020-05-05T23:19:54 EDT" skipped="0">
  <testcase classname="testNGTest.TestIFrames" name="testFrames" time="13.664"/>
  <system-out/>
</testsuite> <!-- testNGTest.TestIFrames -->
