<?xml version="1.0" encoding="UTF-8"?>
<!-- Generated by org.testng.reporters.JUnitReportReporter -->
<testsuite hostname="LAPTOP-IARKJJ3P" failures="0" tests="1" name="testNGTest.MouseHoverTest" time="11.397" errors="0" timestamp="2020-05-06T00:55:38 EDT" skipped="0">
  <testcase classname="testNGTest.MouseHoverTest" name="testMouseHover" time="11.397"/>
  <system-out/>
</testsuite> <!-- testNGTest.MouseHoverTest -->
