<?xml version="1.0" encoding="UTF-8"?>
<!-- Generated by org.testng.reporters.JUnitReportReporter -->
<testsuite hostname="LAPTOP-IARKJJ3P" failures="0" tests="1" name="testNGTest.Test5" time="13.546" errors="0" timestamp="2020-05-12T22:53:35 EDT" skipped="0">
  <testcase classname="testNGTest.Test5" name="testVerify" time="13.546"/>
  <system-out/>
</testsuite> <!-- testNGTest.Test5 -->
