<?xml version="1.0" encoding="UTF-8"?>
<!-- Generated by org.testng.reporters.JUnitReportReporter -->
<testsuite hostname="LAPTOP-IARKJJ3P" failures="0" tests="1" name="testNGTest.VerifyRadioButton" time="22.298" errors="0" timestamp="2020-05-01T00:27:55 EDT" skipped="0">
  <testcase classname="testNGTest.VerifyRadioButton" name="verifyRadioAndCheckBoxButton" time="22.298"/>
  <system-out/>
</testsuite> <!-- testNGTest.VerifyRadioButton -->
